<?xml version="1.0" encoding="UTF-8"?>
<!-- Generated by org.testng.reporters.JUnitXMLReporter -->
<testsuite hostname="acer-PC" ignored="0" name="Default test" tests="1" failures="1" timestamp="15 Feb 2018 04:24:36 GMT" time="57.727" errors="0">
  <testcase name="loginTest" time="57.233" classname="gitTest.GitTest">
    <failure type="org.openqa.selenium.WebDriverException" message="Failed to connect to binary FirefoxBinary(C:\Program Files (x86)\Mozilla Firefox\firefox.exe) on port 7055; process output follows: 
¥ Internett med utvidelsen fra Kaspersky Lab&amp;quot;,&amp;quot;creator&amp;quot;:null,&amp;quot;homepageURL&amp;quot;:null},{&amp;quot;locales&amp;quot;:[&amp;quot;nl&amp;quot;],&amp;quot;name&amp;quot;:&amp;quot;Kaspersky Bescherming&amp;quot;,&amp;quot;description&amp;quot;:&amp;quot;Uw bescherming op het internet met de extensie van Kaspersky Lab&amp;quot;,&amp;quot;creator&amp;quot;:null,&amp;quot;homepageURL&amp;quot;:null},{&amp;quot;locales&amp;quot;:[&amp;quot;pt-BR&amp;quot;],&amp;quot;name&amp;quot;:&amp;quot;ProteÃ§Ã£o Kaspersky&amp;quot;,&amp;quot;description&amp;quot;:&amp;quot;Sua proteÃ§Ã£o na Internet com a extensÃ£o da Kaspersky Lab&amp;quot;,&amp;quot;creator&amp;quot;:null,&amp;quot;homepageURL&amp;quot;:null},{&amp;quot;locales&amp;quot;:[&amp;quot;ru&amp;quot;],&amp;quot;name&amp;quot;:&amp;quot;Kaspersky Protection&amp;quot;,&amp;quot;description&amp;quot;:&amp;quot;Ð’Ð°ÑˆÐ° Ð·Ð°Ñ‰Ð¸Ñ‚Ð° Ð² Ð¸Ð½Ñ‚ÐµÑ€Ð½ÐµÑ‚Ðµ Ñ� Ñ€Ð°Ñ�ÑˆÐ¸Ñ€ÐµÐ½Ð¸ÐµÐ¼ Ð¾Ñ‚ \\\&amp;quot;Ð›Ð°Ð±Ð¾Ñ€Ð°Ñ‚Ð¾Ñ€Ð¸Ð¸ ÐšÐ°Ñ�Ð¿ÐµÑ€Ñ�ÐºÐ¾Ð³Ð¾\\\&amp;quot;&amp;quot;,&amp;quot;creator&amp;quot;:null,&amp;quot;homepageURL&amp;quot;:null},{&amp;quot;locales&amp;quot;:[&amp;quot;sv&amp;quot;],&amp;quot;name&amp;quot;:&amp;quot;Kaspersky Protection&amp;quot;,&amp;quot;description&amp;quot;:&amp;quot;Ditt skydd pÃ¥ internet med tillÃ¤gg frÃ¥n Kaspersky Lab&amp;quot;,&amp;quot;creator&amp;quot;:null,&amp;quot;homepageURL&amp;quot;:null},{&amp;quot;locales&amp;quot;:[&amp;quot;zh-Hans&amp;quot;],&amp;quot;name&amp;quot;:&amp;quot;å�¡å·´æ–¯åŸºä¿�æŠ¤&amp;quot;,&amp;quot;description&amp;quot;:&amp;quot;ä½¿ç”¨å�¡å·´æ–¯åŸºå®žéªŒå®¤çš„æ‰©å±•åŠŸèƒ½å¯¹æ‚¨çš„äº’è�”ç½‘çš„ä¿�æŠ¤ã€‚&amp;quot;,&amp;quot;creator&amp;quot;:null,&amp;quot;homepageURL&amp;quot;:null}],&amp;quot;targetApplications&amp;quot;:[{&amp;quot;id&amp;quot;:&amp;quot;{ec8030f7-c20a-464f-9b0e-13a3a9e97384}&amp;quot;,&amp;quot;minVersion&amp;quot;:&amp;quot;38.0a1&amp;quot;,&amp;quot;maxVersion&amp;quot;:&amp;quot;43.0&amp;quot;}],&amp;quot;targetPlatforms&amp;quot;:[],&amp;quot;multiprocessCompatible&amp;quot;:false,&amp;quot;signedState&amp;quot;:2,&amp;quot;seen&amp;quot;:true}
1518668647396	DeferredSave.extensions.json	DEBUG	Save changes
1518668647396	addons.xpi	DEBUG	Updating database with changes to installed add-ons
1518668647397	addons.xpi-utils	DEBUG	Updating add-on states
1518668647398	addons.xpi-utils	DEBUG	Writing add-ons list
1518668647403	addons.xpi	DEBUG	Registering manifest for C:\Program Files (x86)\Mozilla Firefox\browser\features\e10srollout@mozilla.org.xpi
1518668647408	addons.xpi	DEBUG	Calling bootstrap method startup on e10srollout@mozilla.org version 1.0
1518668647409	addons.xpi	DEBUG	Registering manifest for C:\Program Files (x86)\Mozilla Firefox\browser\features\firefox@getpocket.com.xpi
1518668647410	addons.xpi	DEBUG	Calling bootstrap method startup on firefox@getpocket.com version 1.0.2
1518668647412	addons.xpi	DEBUG	Registering manifest for C:\Program Files (x86)\Mozilla Firefox\browser\features\loop@mozilla.org.xpi
1518668647414	addons.xpi	DEBUG	Calling bootstrap method startup on loop@mozilla.org version 1.3.2
1518668647496	addons.manager	DEBUG	Registering shutdown blocker for XPIProvider
1518668647497	addons.manager	DEBUG	Provider finished startup: XPIProvider
1518668647498	addons.manager	DEBUG	Starting provider: LightweightThemeManager
1518668647498	addons.manager	DEBUG	Registering shutdown blocker for LightweightThemeManager
1518668647499	addons.manager	DEBUG	Provider finished startup: LightweightThemeManager
1518668647499	addons.manager	DEBUG	Starting provider: GMPProvider
1518668647608	addons.manager	DEBUG	Registering shutdown blocker for GMPProvider
1518668647608	addons.manager	DEBUG	Provider finished startup: GMPProvider
1518668647608	addons.manager	DEBUG	Starting provider: PluginProvider
1518668647609	addons.manager	DEBUG	Registering shutdown blocker for PluginProvider
1518668647609	addons.manager	DEBUG	Provider finished startup: PluginProvider
1518668647610	addons.manager	DEBUG	Completed startup sequence
1518668653775	DeferredSave.extensions.json	DEBUG	Starting timer
1518668653804	addons.manager	DEBUG	Starting provider: &amp;lt;unnamed-provider&amp;gt;
1518668653804	addons.manager	DEBUG	Registering shutdown blocker for &amp;lt;unnamed-provider&amp;gt;
1518668653804	addons.manager	DEBUG	Provider finished startup: &amp;lt;unnamed-provider&amp;gt;
1518668654569	DeferredSave.extensions.json	DEBUG	Starting write
1518668654776	addons.repository	DEBUG	No addons.json found.
1518668654777	DeferredSave.addons.json	DEBUG	Save changes
1518668654810	DeferredSave.addons.json	DEBUG	Starting timer
1518668657595	addons.manager	DEBUG	Starting provider: PreviousExperimentProvider
1518668657595	addons.manager	DEBUG	Registering shutdown blocker for PreviousExperimentProvider
1518668657596	addons.manager	DEBUG	Provider finished startup: PreviousExperimentProvider
1518668659334	DeferredSave.addons.json	DEBUG	Starting write
1518668659465	DeferredSave.extensions.json	DEBUG	Write succeeded
1518668661375	DeferredSave.addons.json	DEBUG	Write succeeded

Build info: version: &amp;apos;2.53.0&amp;apos;, revision: &amp;apos;35ae25b1534ae328c771e0856c93e187490ca824&amp;apos;, time: &amp;apos;2016-03-15 10:43:46&amp;apos;
System info: host: &amp;apos;acer-PC&amp;apos;, ip: &amp;apos;192.168.0.117&amp;apos;, os.name: &amp;apos;Windows 7&amp;apos;, os.arch: &amp;apos;amd64&amp;apos;, os.version: &amp;apos;6.1&amp;apos;, java.version: &amp;apos;1.8.0_162&amp;apos;
Driver info: driver.version: FirefoxDriver">
      <![CDATA[org.openqa.selenium.WebDriverException: Failed to connect to binary FirefoxBinary(C:\Program Files (x86)\Mozilla Firefox\firefox.exe) on port 7055; process output follows: ¥ Internett med utvidelsen fra Kaspersky Lab","creator":null,"homepageURL":null},{"locales":["nl"],"name":"Kaspersky Bescherming","description":"Uw bescherming op het internet met de extensie van Kaspersky Lab","creator":null,"homepageURL":null},{"locales":["pt-BR"],"name":"ProteÃ§Ã£o Kaspersky","description":"Sua proteÃ§Ã£o na Internet com a extensÃ£o da Kaspersky Lab","creator":null,"homepageURL":null},{"locales":["ru"],"name":"Kaspersky Protection","description":"Ð’Ð°ÑˆÐ° Ð·Ð°Ñ‰Ð¸Ñ‚Ð° Ð² Ð¸Ð½Ñ‚ÐµÑ€Ð½ÐµÑ‚Ðµ Ñ� Ñ€Ð°Ñ�ÑˆÐ¸Ñ€ÐµÐ½Ð¸ÐµÐ¼ Ð¾Ñ‚ \\\"Ð›Ð°Ð±Ð¾Ñ€Ð°Ñ‚Ð¾Ñ€Ð¸Ð¸ ÐšÐ°Ñ�Ð¿ÐµÑ€Ñ�ÐºÐ¾Ð³Ð¾\\\"","creator":null,"homepageURL":null},{"locales":["sv"],"name":"Kaspersky Protection","description":"Ditt skydd pÃ¥ internet med tillÃ¤gg frÃ¥n Kaspersky Lab","creator":null,"homepageURL":null},{"locales":["zh-Hans"],"name":"å�¡å·´æ–¯åŸºä¿�æŠ¤","description":"ä½¿ç”¨å�¡å·´æ–¯åŸºå®žéªŒå®¤çš„æ‰©å±•åŠŸèƒ½å¯¹æ‚¨çš„äº’è�”ç½‘çš„ä¿�æŠ¤ã€‚","creator":null,"homepageURL":null}],"targetApplications":[{"id":"{ec8030f7-c20a-464f-9b0e-13a3a9e97384}","minVersion":"38.0a1","maxVersion":"43.0"}],"targetPlatforms":[],"multiprocessCompatible":false,"signedState":2,"seen":true}1518668647396DeferredSave.extensions.jsonDEBUGSave changes1518668647396addons.xpiDEBUGUpdating database with changes to installed add-ons1518668647397addons.xpi-utilsDEBUGUpdating add-on states1518668647398addons.xpi-utilsDEBUGWriting add-ons list1518668647403addons.xpiDEBUGRegistering manifest for C:\Program Files (x86)\Mozilla Firefox\browser\features\e10srollout@mozilla.org.xpi1518668647408addons.xpiDEBUGCalling bootstrap method startup on e10srollout@mozilla.org version 1.01518668647409addons.xpiDEBUGRegistering manifest for C:\Program Files (x86)\Mozilla Firefox\browser\features\firefox@getpocket.com.xpi1518668647410addons.xpiDEBUGCalling bootstrap method startup on firefox@getpocket.com version 1.0.21518668647412addons.xpiDEBUGRegistering manifest for C:\Program Files (x86)\Mozilla Firefox\browser\features\loop@mozilla.org.xpi1518668647414addons.xpiDEBUGCalling bootstrap method startup on loop@mozilla.org version 1.3.21518668647496addons.managerDEBUGRegistering shutdown blocker for XPIProvider1518668647497addons.managerDEBUGProvider finished startup: XPIProvider1518668647498addons.managerDEBUGStarting provider: LightweightThemeManager1518668647498addons.managerDEBUGRegistering shutdown blocker for LightweightThemeManager1518668647499addons.managerDEBUGProvider finished startup: LightweightThemeManager1518668647499addons.managerDEBUGStarting provider: GMPProvider1518668647608addons.managerDEBUGRegistering shutdown blocker for GMPProvider1518668647608addons.managerDEBUGProvider finished startup: GMPProvider1518668647608addons.managerDEBUGStarting provider: PluginProvider1518668647609addons.managerDEBUGRegistering shutdown blocker for PluginProvider1518668647609addons.managerDEBUGProvider finished startup: PluginProvider1518668647610addons.managerDEBUGCompleted startup sequence1518668653775DeferredSave.extensions.jsonDEBUGStarting timer1518668653804addons.managerDEBUGStarting provider: <unnamed-provider>1518668653804addons.managerDEBUGRegistering shutdown blocker for <unnamed-provider>1518668653804addons.managerDEBUGProvider finished startup: <unnamed-provider>1518668654569DeferredSave.extensions.jsonDEBUGStarting write1518668654776addons.repositoryDEBUGNo addons.json found.1518668654777DeferredSave.addons.jsonDEBUGSave changes1518668654810DeferredSave.addons.jsonDEBUGStarting timer1518668657595addons.managerDEBUGStarting provider: PreviousExperimentProvider1518668657595addons.managerDEBUGRegistering shutdown blocker for PreviousExperimentProvider1518668657596addons.managerDEBUGProvider finished startup: PreviousExperimentProvider1518668659334DeferredSave.addons.jsonDEBUGStarting write1518668659465DeferredSave.extensions.jsonDEBUGWrite succeeded1518668661375DeferredSave.addons.jsonDEBUGWrite succeededBuild info: version: '2.53.0', revision: '35ae25b1534ae328c771e0856c93e187490ca824', time: '2016-03-15 10:43:46'System info: host: 'acer-PC', ip: '192.168.0.117', os.name: 'Windows 7', os.arch: 'amd64', os.version: '6.1', java.version: '1.8.0_162'Driver info: driver.version: FirefoxDriverat org.openqa.selenium.firefox.internal.NewProfileExtensionConnection.start(NewProfileExtensionConnection.java:125)at org.openqa.selenium.firefox.FirefoxDriver.startClient(FirefoxDriver.java:271)at org.openqa.selenium.remote.RemoteWebDriver.<init>(RemoteWebDriver.java:119)at org.openqa.selenium.firefox.FirefoxDriver.<init>(FirefoxDriver.java:216)at org.openqa.selenium.firefox.FirefoxDriver.<init>(FirefoxDriver.java:211)at org.openqa.selenium.firefox.FirefoxDriver.<init>(FirefoxDriver.java:207)at org.openqa.selenium.firefox.FirefoxDriver.<init>(FirefoxDriver.java:120)at gitTest.GitTest.loginTest(GitTest.java:17)at sun.reflect.NativeMethodAccessorImpl.invoke0(Native Method)at sun.reflect.NativeMethodAccessorImpl.invoke(NativeMethodAccessorImpl.java:62)at sun.reflect.DelegatingMethodAccessorImpl.invoke(DelegatingMethodAccessorImpl.java:43)at java.lang.reflect.Method.invoke(Method.java:498)at org.testng.internal.MethodInvocationHelper.invokeMethod(MethodInvocationHelper.java:124)at org.testng.internal.Invoker.invokeMethod(Invoker.java:571)at org.testng.internal.Invoker.invokeTestMethod(Invoker.java:707)at org.testng.internal.Invoker.invokeTestMethods(Invoker.java:979)at org.testng.internal.TestMethodWorker.invokeTestMethods(TestMethodWorker.java:125)at org.testng.internal.TestMethodWorker.run(TestMethodWorker.java:109)at org.testng.TestRunner.privateRun(TestRunner.java:648)at org.testng.TestRunner.run(TestRunner.java:505)at org.testng.SuiteRunner.runTest(SuiteRunner.java:455)at org.testng.SuiteRunner.runSequentially(SuiteRunner.java:450)at org.testng.SuiteRunner.privateRun(SuiteRunner.java:415)at org.testng.SuiteRunner.run(SuiteRunner.java:364)at org.testng.SuiteRunnerWorker.runSuite(SuiteRunnerWorker.java:52)at org.testng.SuiteRunnerWorker.run(SuiteRunnerWorker.java:84)at org.testng.TestNG.runSuitesSequentially(TestNG.java:1187)at org.testng.TestNG.runSuitesLocally(TestNG.java:1116)at org.testng.TestNG.runSuites(TestNG.java:1028)at org.testng.TestNG.run(TestNG.java:996)at org.testng.remote.AbstractRemoteTestNG.run(AbstractRemoteTestNG.java:114)at org.testng.remote.RemoteTestNG.initAndRun(RemoteTestNG.java:251)at org.testng.remote.RemoteTestNG.main(RemoteTestNG.java:77)Caused by: org.openqa.selenium.firefox.NotConnectedException: Unable to connect to host 127.0.0.1 on port 7055 after 45000 ms. Firefox console output:¥ Internett med utvidelsen fra Kaspersky Lab","creator":null,"homepageURL":null},{"locales":["nl"],"name":"Kaspersky Bescherming","description":"Uw bescherming op het internet met de extensie van Kaspersky Lab","creator":null,"homepageURL":null},{"locales":["pt-BR"],"name":"ProteÃ§Ã£o Kaspersky","description":"Sua proteÃ§Ã£o na Internet com a extensÃ£o da Kaspersky Lab","creator":null,"homepageURL":null},{"locales":["ru"],"name":"Kaspersky Protection","description":"Ð’Ð°ÑˆÐ° Ð·Ð°Ñ‰Ð¸Ñ‚Ð° Ð² Ð¸Ð½Ñ‚ÐµÑ€Ð½ÐµÑ‚Ðµ Ñ� Ñ€Ð°Ñ�ÑˆÐ¸Ñ€ÐµÐ½Ð¸ÐµÐ¼ Ð¾Ñ‚ \\\"Ð›Ð°Ð±Ð¾Ñ€Ð°Ñ‚Ð¾Ñ€Ð¸Ð¸ ÐšÐ°Ñ�Ð¿ÐµÑ€Ñ�ÐºÐ¾Ð³Ð¾\\\"","creator":null,"homepageURL":null},{"locales":["sv"],"name":"Kaspersky Protection","description":"Ditt skydd pÃ¥ internet med tillÃ¤gg frÃ¥n Kaspersky Lab","creator":null,"homepageURL":null},{"locales":["zh-Hans"],"name":"å�¡å·´æ–¯åŸºä¿�æŠ¤","description":"ä½¿ç”¨å�¡å·´æ–¯åŸºå®žéªŒå®¤çš„æ‰©å±•åŠŸèƒ½å¯¹æ‚¨çš„äº’è�”ç½‘çš„ä¿�æŠ¤ã€‚","creator":null,"homepageURL":null}],"targetApplications":[{"id":"{ec8030f7-c20a-464f-9b0e-13a3a9e97384}","minVersion":"38.0a1","maxVersion":"43.0"}],"targetPlatforms":[],"multiprocessCompatible":false,"signedState":2,"seen":true}1518668647396DeferredSave.extensions.jsonDEBUGSave changes1518668647396addons.xpiDEBUGUpdating database with changes to installed add-ons1518668647397addons.xpi-utilsDEBUGUpdating add-on states1518668647398addons.xpi-utilsDEBUGWriting add-ons list1518668647403addons.xpiDEBUGRegistering manifest for C:\Program Files (x86)\Mozilla Firefox\browser\features\e10srollout@mozilla.org.xpi1518668647408addons.xpiDEBUGCalling bootstrap method startup on e10srollout@mozilla.org version 1.01518668647409addons.xpiDEBUGRegistering manifest for C:\Program Files (x86)\Mozilla Firefox\browser\features\firefox@getpocket.com.xpi1518668647410addons.xpiDEBUGCalling bootstrap method startup on firefox@getpocket.com version 1.0.21518668647412addons.xpiDEBUGRegistering manifest for C:\Program Files (x86)\Mozilla Firefox\browser\features\loop@mozilla.org.xpi1518668647414addons.xpiDEBUGCalling bootstrap method startup on loop@mozilla.org version 1.3.21518668647496addons.managerDEBUGRegistering shutdown blocker for XPIProvider1518668647497addons.managerDEBUGProvider finished startup: XPIProvider1518668647498addons.managerDEBUGStarting provider: LightweightThemeManager1518668647498addons.managerDEBUGRegistering shutdown blocker for LightweightThemeManager1518668647499addons.managerDEBUGProvider finished startup: LightweightThemeManager1518668647499addons.managerDEBUGStarting provider: GMPProvider1518668647608addons.managerDEBUGRegistering shutdown blocker for GMPProvider1518668647608addons.managerDEBUGProvider finished startup: GMPProvider1518668647608addons.managerDEBUGStarting provider: PluginProvider1518668647609addons.managerDEBUGRegistering shutdown blocker for PluginProvider1518668647609addons.managerDEBUGProvider finished startup: PluginProvider1518668647610addons.managerDEBUGCompleted startup sequence1518668653775DeferredSave.extensions.jsonDEBUGStarting timer1518668653804addons.managerDEBUGStarting provider: <unnamed-provider>1518668653804addons.managerDEBUGRegistering shutdown blocker for <unnamed-provider>1518668653804addons.managerDEBUGProvider finished startup: <unnamed-provider>1518668654569DeferredSave.extensions.jsonDEBUGStarting write1518668654776addons.repositoryDEBUGNo addons.json found.1518668654777DeferredSave.addons.jsonDEBUGSave changes1518668654810DeferredSave.addons.jsonDEBUGStarting timer1518668657595addons.managerDEBUGStarting provider: PreviousExperimentProvider1518668657595addons.managerDEBUGRegistering shutdown blocker for PreviousExperimentProvider1518668657596addons.managerDEBUGProvider finished startup: PreviousExperimentProvider1518668659334DeferredSave.addons.jsonDEBUGStarting write1518668659465DeferredSave.extensions.jsonDEBUGWrite succeeded1518668661375DeferredSave.addons.jsonDEBUGWrite succeededat org.openqa.selenium.firefox.internal.NewProfileExtensionConnection.start(NewProfileExtensionConnection.java:113)... 32 more]]>
    </failure>
  </testcase> <!-- loginTest -->
</testsuite> <!-- Default test -->
