<?xml version="1.0" encoding="UTF-8"?>
<testng-results skipped="0" failed="1" ignored="0" total="1" passed="0">
  <reporter-output>
  </reporter-output>
  <suite name="Default suite" duration-ms="57727" started-at="2018-02-15T04:23:38Z" finished-at="2018-02-15T04:24:36Z">
    <groups>
    </groups>
    <test name="Default test" duration-ms="57727" started-at="2018-02-15T04:23:38Z" finished-at="2018-02-15T04:24:36Z">
      <class name="gitTest.GitTest">
        <test-method status="FAIL" signature="loginTest()[pri:0, instance:gitTest.GitTest@475530b9]" name="loginTest" duration-ms="57233" started-at="2018-02-15T09:53:38Z" finished-at="2018-02-15T09:54:36Z">
          <exception class="org.openqa.selenium.WebDriverException">
            <message>
              <![CDATA[Failed to connect to binary FirefoxBinary(C:\Program Files (x86)\Mozilla Firefox\firefox.exe) on port 7055; process output follows: ¥ Internett med utvidelsen fra Kaspersky Lab","creator":null,"homepageURL":null},{"locales":["nl"],"name":"Kaspersky Bescherming","description":"Uw bescherming op het internet met de extensie van Kaspersky Lab","creator":null,"homepageURL":null},{"locales":["pt-BR"],"name":"ProteÃ§Ã£o Kaspersky","description":"Sua proteÃ§Ã£o na Internet com a extensÃ£o da Kaspersky Lab","creator":null,"homepageURL":null},{"locales":["ru"],"name":"Kaspersky Protection","description":"Ð’Ð°ÑˆÐ° Ð·Ð°Ñ‰Ð¸Ñ‚Ð° Ð² Ð¸Ð½Ñ‚ÐµÑ€Ð½ÐµÑ‚Ðµ Ñ� Ñ€Ð°Ñ�ÑˆÐ¸Ñ€ÐµÐ½Ð¸ÐµÐ¼ Ð¾Ñ‚ \\\"Ð›Ð°Ð±Ð¾Ñ€Ð°Ñ‚Ð¾Ñ€Ð¸Ð¸ ÐšÐ°Ñ�Ð¿ÐµÑ€Ñ�ÐºÐ¾Ð³Ð¾\\\"","creator":null,"homepageURL":null},{"locales":["sv"],"name":"Kaspersky Protection","description":"Ditt skydd pÃ¥ internet med tillÃ¤gg frÃ¥n Kaspersky Lab","creator":null,"homepageURL":null},{"locales":["zh-Hans"],"name":"å�¡å·´æ–¯åŸºä¿�æŠ¤","description":"ä½¿ç”¨å�¡å·´æ–¯åŸºå®žéªŒå®¤çš„æ‰©å±•åŠŸèƒ½å¯¹æ‚¨çš„äº’è�”ç½‘çš„ä¿�æŠ¤ã€‚","creator":null,"homepageURL":null}],"targetApplications":[{"id":"{ec8030f7-c20a-464f-9b0e-13a3a9e97384}","minVersion":"38.0a1","maxVersion":"43.0"}],"targetPlatforms":[],"multiprocessCompatible":false,"signedState":2,"seen":true}1518668647396DeferredSave.extensions.jsonDEBUGSave changes1518668647396addons.xpiDEBUGUpdating database with changes to installed add-ons1518668647397addons.xpi-utilsDEBUGUpdating add-on states1518668647398addons.xpi-utilsDEBUGWriting add-ons list1518668647403addons.xpiDEBUGRegistering manifest for C:\Program Files (x86)\Mozilla Firefox\browser\features\e10srollout@mozilla.org.xpi1518668647408addons.xpiDEBUGCalling bootstrap method startup on e10srollout@mozilla.org version 1.01518668647409addons.xpiDEBUGRegistering manifest for C:\Program Files (x86)\Mozilla Firefox\browser\features\firefox@getpocket.com.xpi1518668647410addons.xpiDEBUGCalling bootstrap method startup on firefox@getpocket.com version 1.0.21518668647412addons.xpiDEBUGRegistering manifest for C:\Program Files (x86)\Mozilla Firefox\browser\features\loop@mozilla.org.xpi1518668647414addons.xpiDEBUGCalling bootstrap method startup on loop@mozilla.org version 1.3.21518668647496addons.managerDEBUGRegistering shutdown blocker for XPIProvider1518668647497addons.managerDEBUGProvider finished startup: XPIProvider1518668647498addons.managerDEBUGStarting provider: LightweightThemeManager1518668647498addons.managerDEBUGRegistering shutdown blocker for LightweightThemeManager1518668647499addons.managerDEBUGProvider finished startup: LightweightThemeManager1518668647499addons.managerDEBUGStarting provider: GMPProvider1518668647608addons.managerDEBUGRegistering shutdown blocker for GMPProvider1518668647608addons.managerDEBUGProvider finished startup: GMPProvider1518668647608addons.managerDEBUGStarting provider: PluginProvider1518668647609addons.managerDEBUGRegistering shutdown blocker for PluginProvider1518668647609addons.managerDEBUGProvider finished startup: PluginProvider1518668647610addons.managerDEBUGCompleted startup sequence1518668653775DeferredSave.extensions.jsonDEBUGStarting timer1518668653804addons.managerDEBUGStarting provider: <unnamed-provider>1518668653804addons.managerDEBUGRegistering shutdown blocker for <unnamed-provider>1518668653804addons.managerDEBUGProvider finished startup: <unnamed-provider>1518668654569DeferredSave.extensions.jsonDEBUGStarting write1518668654776addons.repositoryDEBUGNo addons.json found.1518668654777DeferredSave.addons.jsonDEBUGSave changes1518668654810DeferredSave.addons.jsonDEBUGStarting timer1518668657595addons.managerDEBUGStarting provider: PreviousExperimentProvider1518668657595addons.managerDEBUGRegistering shutdown blocker for PreviousExperimentProvider1518668657596addons.managerDEBUGProvider finished startup: PreviousExperimentProvider1518668659334DeferredSave.addons.jsonDEBUGStarting write1518668659465DeferredSave.extensions.jsonDEBUGWrite succeeded1518668661375DeferredSave.addons.jsonDEBUGWrite succeededBuild info: version: '2.53.0', revision: '35ae25b1534ae328c771e0856c93e187490ca824', time: '2016-03-15 10:43:46'System info: host: 'acer-PC', ip: '192.168.0.117', os.name: 'Windows 7', os.arch: 'amd64', os.version: '6.1', java.version: '1.8.0_162'Driver info: driver.version: FirefoxDriver]]>
            </message>
            <full-stacktrace>
              <![CDATA[org.openqa.selenium.WebDriverException: Failed to connect to binary FirefoxBinary(C:\Program Files (x86)\Mozilla Firefox\firefox.exe) on port 7055; process output follows: ¥ Internett med utvidelsen fra Kaspersky Lab","creator":null,"homepageURL":null},{"locales":["nl"],"name":"Kaspersky Bescherming","description":"Uw bescherming op het internet met de extensie van Kaspersky Lab","creator":null,"homepageURL":null},{"locales":["pt-BR"],"name":"ProteÃ§Ã£o Kaspersky","description":"Sua proteÃ§Ã£o na Internet com a extensÃ£o da Kaspersky Lab","creator":null,"homepageURL":null},{"locales":["ru"],"name":"Kaspersky Protection","description":"Ð’Ð°ÑˆÐ° Ð·Ð°Ñ‰Ð¸Ñ‚Ð° Ð² Ð¸Ð½Ñ‚ÐµÑ€Ð½ÐµÑ‚Ðµ Ñ� Ñ€Ð°Ñ�ÑˆÐ¸Ñ€ÐµÐ½Ð¸ÐµÐ¼ Ð¾Ñ‚ \\\"Ð›Ð°Ð±Ð¾Ñ€Ð°Ñ‚Ð¾Ñ€Ð¸Ð¸ ÐšÐ°Ñ�Ð¿ÐµÑ€Ñ�ÐºÐ¾Ð³Ð¾\\\"","creator":null,"homepageURL":null},{"locales":["sv"],"name":"Kaspersky Protection","description":"Ditt skydd pÃ¥ internet med tillÃ¤gg frÃ¥n Kaspersky Lab","creator":null,"homepageURL":null},{"locales":["zh-Hans"],"name":"å�¡å·´æ–¯åŸºä¿�æŠ¤","description":"ä½¿ç”¨å�¡å·´æ–¯åŸºå®žéªŒå®¤çš„æ‰©å±•åŠŸèƒ½å¯¹æ‚¨çš„äº’è�”ç½‘çš„ä¿�æŠ¤ã€‚","creator":null,"homepageURL":null}],"targetApplications":[{"id":"{ec8030f7-c20a-464f-9b0e-13a3a9e97384}","minVersion":"38.0a1","maxVersion":"43.0"}],"targetPlatforms":[],"multiprocessCompatible":false,"signedState":2,"seen":true}1518668647396DeferredSave.extensions.jsonDEBUGSave changes1518668647396addons.xpiDEBUGUpdating database with changes to installed add-ons1518668647397addons.xpi-utilsDEBUGUpdating add-on states1518668647398addons.xpi-utilsDEBUGWriting add-ons list1518668647403addons.xpiDEBUGRegistering manifest for C:\Program Files (x86)\Mozilla Firefox\browser\features\e10srollout@mozilla.org.xpi1518668647408addons.xpiDEBUGCalling bootstrap method startup on e10srollout@mozilla.org version 1.01518668647409addons.xpiDEBUGRegistering manifest for C:\Program Files (x86)\Mozilla Firefox\browser\features\firefox@getpocket.com.xpi1518668647410addons.xpiDEBUGCalling bootstrap method startup on firefox@getpocket.com version 1.0.21518668647412addons.xpiDEBUGRegistering manifest for C:\Program Files (x86)\Mozilla Firefox\browser\features\loop@mozilla.org.xpi1518668647414addons.xpiDEBUGCalling bootstrap method startup on loop@mozilla.org version 1.3.21518668647496addons.managerDEBUGRegistering shutdown blocker for XPIProvider1518668647497addons.managerDEBUGProvider finished startup: XPIProvider1518668647498addons.managerDEBUGStarting provider: LightweightThemeManager1518668647498addons.managerDEBUGRegistering shutdown blocker for LightweightThemeManager1518668647499addons.managerDEBUGProvider finished startup: LightweightThemeManager1518668647499addons.managerDEBUGStarting provider: GMPProvider1518668647608addons.managerDEBUGRegistering shutdown blocker for GMPProvider1518668647608addons.managerDEBUGProvider finished startup: GMPProvider1518668647608addons.managerDEBUGStarting provider: PluginProvider1518668647609addons.managerDEBUGRegistering shutdown blocker for PluginProvider1518668647609addons.managerDEBUGProvider finished startup: PluginProvider1518668647610addons.managerDEBUGCompleted startup sequence1518668653775DeferredSave.extensions.jsonDEBUGStarting timer1518668653804addons.managerDEBUGStarting provider: <unnamed-provider>1518668653804addons.managerDEBUGRegistering shutdown blocker for <unnamed-provider>1518668653804addons.managerDEBUGProvider finished startup: <unnamed-provider>1518668654569DeferredSave.extensions.jsonDEBUGStarting write1518668654776addons.repositoryDEBUGNo addons.json found.1518668654777DeferredSave.addons.jsonDEBUGSave changes1518668654810DeferredSave.addons.jsonDEBUGStarting timer1518668657595addons.managerDEBUGStarting provider: PreviousExperimentProvider1518668657595addons.managerDEBUGRegistering shutdown blocker for PreviousExperimentProvider1518668657596addons.managerDEBUGProvider finished startup: PreviousExperimentProvider1518668659334DeferredSave.addons.jsonDEBUGStarting write1518668659465DeferredSave.extensions.jsonDEBUGWrite succeeded1518668661375DeferredSave.addons.jsonDEBUGWrite succeededBuild info: version: '2.53.0', revision: '35ae25b1534ae328c771e0856c93e187490ca824', time: '2016-03-15 10:43:46'System info: host: 'acer-PC', ip: '192.168.0.117', os.name: 'Windows 7', os.arch: 'amd64', os.version: '6.1', java.version: '1.8.0_162'Driver info: driver.version: FirefoxDriverat org.openqa.selenium.firefox.internal.NewProfileExtensionConnection.start(NewProfileExtensionConnection.java:125)at org.openqa.selenium.firefox.FirefoxDriver.startClient(FirefoxDriver.java:271)at org.openqa.selenium.remote.RemoteWebDriver.<init>(RemoteWebDriver.java:119)at org.openqa.selenium.firefox.FirefoxDriver.<init>(FirefoxDriver.java:216)at org.openqa.selenium.firefox.FirefoxDriver.<init>(FirefoxDriver.java:211)at org.openqa.selenium.firefox.FirefoxDriver.<init>(FirefoxDriver.java:207)at org.openqa.selenium.firefox.FirefoxDriver.<init>(FirefoxDriver.java:120)at gitTest.GitTest.loginTest(GitTest.java:17)at sun.reflect.NativeMethodAccessorImpl.invoke0(Native Method)at sun.reflect.NativeMethodAccessorImpl.invoke(NativeMethodAccessorImpl.java:62)at sun.reflect.DelegatingMethodAccessorImpl.invoke(DelegatingMethodAccessorImpl.java:43)at java.lang.reflect.Method.invoke(Method.java:498)at org.testng.internal.MethodInvocationHelper.invokeMethod(MethodInvocationHelper.java:124)at org.testng.internal.Invoker.invokeMethod(Invoker.java:571)at org.testng.internal.Invoker.invokeTestMethod(Invoker.java:707)at org.testng.internal.Invoker.invokeTestMethods(Invoker.java:979)at org.testng.internal.TestMethodWorker.invokeTestMethods(TestMethodWorker.java:125)at org.testng.internal.TestMethodWorker.run(TestMethodWorker.java:109)at org.testng.TestRunner.privateRun(TestRunner.java:648)at org.testng.TestRunner.run(TestRunner.java:505)at org.testng.SuiteRunner.runTest(SuiteRunner.java:455)at org.testng.SuiteRunner.runSequentially(SuiteRunner.java:450)at org.testng.SuiteRunner.privateRun(SuiteRunner.java:415)at org.testng.SuiteRunner.run(SuiteRunner.java:364)at org.testng.SuiteRunnerWorker.runSuite(SuiteRunnerWorker.java:52)at org.testng.SuiteRunnerWorker.run(SuiteRunnerWorker.java:84)at org.testng.TestNG.runSuitesSequentially(TestNG.java:1187)at org.testng.TestNG.runSuitesLocally(TestNG.java:1116)at org.testng.TestNG.runSuites(TestNG.java:1028)at org.testng.TestNG.run(TestNG.java:996)at org.testng.remote.AbstractRemoteTestNG.run(AbstractRemoteTestNG.java:114)at org.testng.remote.RemoteTestNG.initAndRun(RemoteTestNG.java:251)at org.testng.remote.RemoteTestNG.main(RemoteTestNG.java:77)Caused by: org.openqa.selenium.firefox.NotConnectedException: Unable to connect to host 127.0.0.1 on port 7055 after 45000 ms. Firefox console output:¥ Internett med utvidelsen fra Kaspersky Lab","creator":null,"homepageURL":null},{"locales":["nl"],"name":"Kaspersky Bescherming","description":"Uw bescherming op het internet met de extensie van Kaspersky Lab","creator":null,"homepageURL":null},{"locales":["pt-BR"],"name":"ProteÃ§Ã£o Kaspersky","description":"Sua proteÃ§Ã£o na Internet com a extensÃ£o da Kaspersky Lab","creator":null,"homepageURL":null},{"locales":["ru"],"name":"Kaspersky Protection","description":"Ð’Ð°ÑˆÐ° Ð·Ð°Ñ‰Ð¸Ñ‚Ð° Ð² Ð¸Ð½Ñ‚ÐµÑ€Ð½ÐµÑ‚Ðµ Ñ� Ñ€Ð°Ñ�ÑˆÐ¸Ñ€ÐµÐ½Ð¸ÐµÐ¼ Ð¾Ñ‚ \\\"Ð›Ð°Ð±Ð¾Ñ€Ð°Ñ‚Ð¾Ñ€Ð¸Ð¸ ÐšÐ°Ñ�Ð¿ÐµÑ€Ñ�ÐºÐ¾Ð³Ð¾\\\"","creator":null,"homepageURL":null},{"locales":["sv"],"name":"Kaspersky Protection","description":"Ditt skydd pÃ¥ internet med tillÃ¤gg frÃ¥n Kaspersky Lab","creator":null,"homepageURL":null},{"locales":["zh-Hans"],"name":"å�¡å·´æ–¯åŸºä¿�æŠ¤","description":"ä½¿ç”¨å�¡å·´æ–¯åŸºå®žéªŒå®¤çš„æ‰©å±•åŠŸèƒ½å¯¹æ‚¨çš„äº’è�”ç½‘çš„ä¿�æŠ¤ã€‚","creator":null,"homepageURL":null}],"targetApplications":[{"id":"{ec8030f7-c20a-464f-9b0e-13a3a9e97384}","minVersion":"38.0a1","maxVersion":"43.0"}],"targetPlatforms":[],"multiprocessCompatible":false,"signedState":2,"seen":true}1518668647396DeferredSave.extensions.jsonDEBUGSave changes1518668647396addons.xpiDEBUGUpdating database with changes to installed add-ons1518668647397addons.xpi-utilsDEBUGUpdating add-on states1518668647398addons.xpi-utilsDEBUGWriting add-ons list1518668647403addons.xpiDEBUGRegistering manifest for C:\Program Files (x86)\Mozilla Firefox\browser\features\e10srollout@mozilla.org.xpi1518668647408addons.xpiDEBUGCalling bootstrap method startup on e10srollout@mozilla.org version 1.01518668647409addons.xpiDEBUGRegistering manifest for C:\Program Files (x86)\Mozilla Firefox\browser\features\firefox@getpocket.com.xpi1518668647410addons.xpiDEBUGCalling bootstrap method startup on firefox@getpocket.com version 1.0.21518668647412addons.xpiDEBUGRegistering manifest for C:\Program Files (x86)\Mozilla Firefox\browser\features\loop@mozilla.org.xpi1518668647414addons.xpiDEBUGCalling bootstrap method startup on loop@mozilla.org version 1.3.21518668647496addons.managerDEBUGRegistering shutdown blocker for XPIProvider1518668647497addons.managerDEBUGProvider finished startup: XPIProvider1518668647498addons.managerDEBUGStarting provider: LightweightThemeManager1518668647498addons.managerDEBUGRegistering shutdown blocker for LightweightThemeManager1518668647499addons.managerDEBUGProvider finished startup: LightweightThemeManager1518668647499addons.managerDEBUGStarting provider: GMPProvider1518668647608addons.managerDEBUGRegistering shutdown blocker for GMPProvider1518668647608addons.managerDEBUGProvider finished startup: GMPProvider1518668647608addons.managerDEBUGStarting provider: PluginProvider1518668647609addons.managerDEBUGRegistering shutdown blocker for PluginProvider1518668647609addons.managerDEBUGProvider finished startup: PluginProvider1518668647610addons.managerDEBUGCompleted startup sequence1518668653775DeferredSave.extensions.jsonDEBUGStarting timer1518668653804addons.managerDEBUGStarting provider: <unnamed-provider>1518668653804addons.managerDEBUGRegistering shutdown blocker for <unnamed-provider>1518668653804addons.managerDEBUGProvider finished startup: <unnamed-provider>1518668654569DeferredSave.extensions.jsonDEBUGStarting write1518668654776addons.repositoryDEBUGNo addons.json found.1518668654777DeferredSave.addons.jsonDEBUGSave changes1518668654810DeferredSave.addons.jsonDEBUGStarting timer1518668657595addons.managerDEBUGStarting provider: PreviousExperimentProvider1518668657595addons.managerDEBUGRegistering shutdown blocker for PreviousExperimentProvider1518668657596addons.managerDEBUGProvider finished startup: PreviousExperimentProvider1518668659334DeferredSave.addons.jsonDEBUGStarting write1518668659465DeferredSave.extensions.jsonDEBUGWrite succeeded1518668661375DeferredSave.addons.jsonDEBUGWrite succeededat org.openqa.selenium.firefox.internal.NewProfileExtensionConnection.start(NewProfileExtensionConnection.java:113)... 32 more]]>
            </full-stacktrace>
          </exception> <!-- org.openqa.selenium.WebDriverException -->
          <reporter-output>
          </reporter-output>
        </test-method> <!-- loginTest -->
      </class> <!-- gitTest.GitTest -->
    </test> <!-- Default test -->
  </suite> <!-- Default suite -->
</testng-results>
